2021-10-28T00:48:31+00:00 CRITICAL syntax error, unexpected '=', expecting ')' in C:\xampp\htdocs\1_LANDING\1_Nails\wp-content\themes\reina\template-service.php on line 45

2021-10-28T00:50:30+00:00 CRITICAL syntax error, unexpected '}', expecting end of file in C:\xampp\htdocs\1_LANDING\1_Nails\wp-content\themes\reina\template-service.php on line 50

2021-10-28T00:54:20+00:00 CRITICAL Uncaught Error: Call to a member function get_id() on null in C:\xampp\htdocs\1_LANDING\1_Nails\wp-content\themes\reina\template-service.php:69
Stack trace:
#0 C:\xampp\htdocs\1_LANDING\1_Nails\wp-includes\template-loader.php(106): include()
#1 C:\xampp\htdocs\1_LANDING\1_Nails\wp-blog-header.php(19): require_once('C:\\xampp\\htdocs...')
#2 C:\xampp\htdocs\1_LANDING\1_Nails\index.php(17): require('C:\\xampp\\htdocs...')
#3 {main}
  thrown in C:\xampp\htdocs\1_LANDING\1_Nails\wp-content\themes\reina\template-service.php on line 69

2021-10-28T00:56:19+00:00 CRITICAL Uncaught Error: Call to undefined function get_field() in C:\xampp\htdocs\1_LANDING\1_Nails\wp-content\themes\reina\template-service.php:202
Stack trace:
#0 C:\xampp\htdocs\1_LANDING\1_Nails\wp-includes\template-loader.php(106): include()
#1 C:\xampp\htdocs\1_LANDING\1_Nails\wp-blog-header.php(19): require_once('C:\\xampp\\htdocs...')
#2 C:\xampp\htdocs\1_LANDING\1_Nails\index.php(17): require('C:\\xampp\\htdocs...')
#3 {main}
  thrown in C:\xampp\htdocs\1_LANDING\1_Nails\wp-content\themes\reina\template-service.php on line 202

2021-10-28T00:57:21+00:00 CRITICAL Uncaught Error: Call to undefined function get_field() in C:\xampp\htdocs\1_LANDING\1_Nails\wp-content\themes\reina\template-service.php:184
Stack trace:
#0 C:\xampp\htdocs\1_LANDING\1_Nails\wp-includes\template-loader.php(106): include()
#1 C:\xampp\htdocs\1_LANDING\1_Nails\wp-blog-header.php(19): require_once('C:\\xampp\\htdocs...')
#2 C:\xampp\htdocs\1_LANDING\1_Nails\index.php(17): require('C:\\xampp\\htdocs...')
#3 {main}
  thrown in C:\xampp\htdocs\1_LANDING\1_Nails\wp-content\themes\reina\template-service.php on line 184

2021-10-28T00:57:37+00:00 CRITICAL Uncaught Error: Call to undefined function get_field() in C:\xampp\htdocs\1_LANDING\1_Nails\wp-content\themes\reina\template-service.php:184
Stack trace:
#0 C:\xampp\htdocs\1_LANDING\1_Nails\wp-includes\template-loader.php(106): include()
#1 C:\xampp\htdocs\1_LANDING\1_Nails\wp-blog-header.php(19): require_once('C:\\xampp\\htdocs...')
#2 C:\xampp\htdocs\1_LANDING\1_Nails\index.php(17): require('C:\\xampp\\htdocs...')
#3 {main}
  thrown in C:\xampp\htdocs\1_LANDING\1_Nails\wp-content\themes\reina\template-service.php on line 184

2021-10-28T00:58:10+00:00 CRITICAL Uncaught Error: Call to undefined function get_field() in C:\xampp\htdocs\1_LANDING\1_Nails\wp-content\themes\reina\template-service.php:182
Stack trace:
#0 C:\xampp\htdocs\1_LANDING\1_Nails\wp-includes\template-loader.php(106): include()
#1 C:\xampp\htdocs\1_LANDING\1_Nails\wp-blog-header.php(19): require_once('C:\\xampp\\htdocs...')
#2 C:\xampp\htdocs\1_LANDING\1_Nails\index.php(17): require('C:\\xampp\\htdocs...')
#3 {main}
  thrown in C:\xampp\htdocs\1_LANDING\1_Nails\wp-content\themes\reina\template-service.php on line 182

2021-10-28T00:59:13+00:00 CRITICAL Uncaught Error: Call to undefined function get_field() in C:\xampp\htdocs\1_LANDING\1_Nails\wp-content\themes\reina\template-service.php:180
Stack trace:
#0 C:\xampp\htdocs\1_LANDING\1_Nails\wp-includes\template-loader.php(106): include()
#1 C:\xampp\htdocs\1_LANDING\1_Nails\wp-blog-header.php(19): require_once('C:\\xampp\\htdocs...')
#2 C:\xampp\htdocs\1_LANDING\1_Nails\index.php(17): require('C:\\xampp\\htdocs...')
#3 {main}
  thrown in C:\xampp\htdocs\1_LANDING\1_Nails\wp-content\themes\reina\template-service.php on line 180

2021-10-28T00:59:36+00:00 CRITICAL Uncaught Error: Call to undefined function get_field() in C:\xampp\htdocs\1_LANDING\1_Nails\wp-content\themes\reina\template-service.php:180
Stack trace:
#0 C:\xampp\htdocs\1_LANDING\1_Nails\wp-includes\template-loader.php(106): include()
#1 C:\xampp\htdocs\1_LANDING\1_Nails\wp-blog-header.php(19): require_once('C:\\xampp\\htdocs...')
#2 C:\xampp\htdocs\1_LANDING\1_Nails\index.php(17): require('C:\\xampp\\htdocs...')
#3 {main}
  thrown in C:\xampp\htdocs\1_LANDING\1_Nails\wp-content\themes\reina\template-service.php on line 180

2021-10-28T01:00:17+00:00 CRITICAL Uncaught Error: Call to undefined function get_field() in C:\xampp\htdocs\1_LANDING\1_Nails\wp-content\themes\reina\template-service.php:152
Stack trace:
#0 C:\xampp\htdocs\1_LANDING\1_Nails\wp-includes\template-loader.php(106): include()
#1 C:\xampp\htdocs\1_LANDING\1_Nails\wp-blog-header.php(19): require_once('C:\\xampp\\htdocs...')
#2 C:\xampp\htdocs\1_LANDING\1_Nails\index.php(17): require('C:\\xampp\\htdocs...')
#3 {main}
  thrown in C:\xampp\htdocs\1_LANDING\1_Nails\wp-content\themes\reina\template-service.php on line 152

2021-10-28T01:01:26+00:00 CRITICAL Uncaught Error: Call to undefined function get_field() in C:\xampp\htdocs\1_LANDING\1_Nails\wp-content\themes\reina\template-service.php:170
Stack trace:
#0 C:\xampp\htdocs\1_LANDING\1_Nails\wp-includes\template-loader.php(106): include()
#1 C:\xampp\htdocs\1_LANDING\1_Nails\wp-blog-header.php(19): require_once('C:\\xampp\\htdocs...')
#2 C:\xampp\htdocs\1_LANDING\1_Nails\index.php(17): require('C:\\xampp\\htdocs...')
#3 {main}
  thrown in C:\xampp\htdocs\1_LANDING\1_Nails\wp-content\themes\reina\template-service.php on line 170

2021-10-28T01:02:44+00:00 CRITICAL Uncaught Error: Call to undefined function get_field() in C:\xampp\htdocs\1_LANDING\1_Nails\wp-content\themes\reina\template-service.php:180
Stack trace:
#0 C:\xampp\htdocs\1_LANDING\1_Nails\wp-includes\template-loader.php(106): include()
#1 C:\xampp\htdocs\1_LANDING\1_Nails\wp-blog-header.php(19): require_once('C:\\xampp\\htdocs...')
#2 C:\xampp\htdocs\1_LANDING\1_Nails\index.php(17): require('C:\\xampp\\htdocs...')
#3 {main}
  thrown in C:\xampp\htdocs\1_LANDING\1_Nails\wp-content\themes\reina\template-service.php on line 180

2021-10-28T01:08:35+00:00 CRITICAL Uncaught Error: Call to undefined function get_field() in C:\xampp\htdocs\1_LANDING\1_Nails\wp-content\themes\reina\template-service.php:179
Stack trace:
#0 C:\xampp\htdocs\1_LANDING\1_Nails\wp-includes\template-loader.php(106): include()
#1 C:\xampp\htdocs\1_LANDING\1_Nails\wp-blog-header.php(19): require_once('C:\\xampp\\htdocs...')
#2 C:\xampp\htdocs\1_LANDING\1_Nails\index.php(17): require('C:\\xampp\\htdocs...')
#3 {main}
  thrown in C:\xampp\htdocs\1_LANDING\1_Nails\wp-content\themes\reina\template-service.php on line 179

2021-10-28T01:09:07+00:00 CRITICAL Uncaught Error: Call to undefined function get_field() in C:\xampp\htdocs\1_LANDING\1_Nails\wp-content\themes\reina\template-service.php:180
Stack trace:
#0 C:\xampp\htdocs\1_LANDING\1_Nails\wp-includes\template-loader.php(106): include()
#1 C:\xampp\htdocs\1_LANDING\1_Nails\wp-blog-header.php(19): require_once('C:\\xampp\\htdocs...')
#2 C:\xampp\htdocs\1_LANDING\1_Nails\index.php(17): require('C:\\xampp\\htdocs...')
#3 {main}
  thrown in C:\xampp\htdocs\1_LANDING\1_Nails\wp-content\themes\reina\template-service.php on line 180

2021-10-28T01:10:00+00:00 CRITICAL Uncaught Error: Class 'ClaWoocommerce' not found in C:\xampp\htdocs\1_LANDING\1_Nails\wp-content\themes\reina\template-service.php:212
Stack trace:
#0 C:\xampp\htdocs\1_LANDING\1_Nails\wp-includes\template-loader.php(106): include()
#1 C:\xampp\htdocs\1_LANDING\1_Nails\wp-blog-header.php(19): require_once('C:\\xampp\\htdocs...')
#2 C:\xampp\htdocs\1_LANDING\1_Nails\index.php(17): require('C:\\xampp\\htdocs...')
#3 {main}
  thrown in C:\xampp\htdocs\1_LANDING\1_Nails\wp-content\themes\reina\template-service.php on line 212

