2021-10-23T01:20:37+00:00 CRITICAL Maximum execution time of 30 seconds exceeded in C:\xampp\htdocs\1_LANDING\1_Nails\wp-content\plugins\booked\booked.php on line 373

2021-10-23T01:20:37+00:00 CRITICAL Maximum execution time of 30 seconds exceeded in C:\xampp\htdocs\1_LANDING\1_Nails\wp-content\plugins\booked\booked.php on line 373

2021-10-23T01:20:37+00:00 CRITICAL Maximum execution time of 30 seconds exceeded in C:\xampp\htdocs\1_LANDING\1_Nails\wp-content\plugins\booked\booked.php on line 373

2021-10-23T01:20:37+00:00 CRITICAL Maximum execution time of 30 seconds exceeded in C:\xampp\htdocs\1_LANDING\1_Nails\wp-content\plugins\booked\booked.php on line 373

2021-10-23T01:20:37+00:00 CRITICAL Maximum execution time of 30 seconds exceeded in C:\xampp\htdocs\1_LANDING\1_Nails\wp-content\plugins\booked\booked.php on line 373

2021-10-23T01:21:36+00:00 CRITICAL Maximum execution time of 30 seconds exceeded in C:\xampp\htdocs\1_LANDING\1_Nails\wp-content\plugins\booked\booked.php on line 373

2021-10-23T01:21:36+00:00 CRITICAL Maximum execution time of 30 seconds exceeded in C:\xampp\htdocs\1_LANDING\1_Nails\wp-content\plugins\booked\booked.php on line 373

2021-10-23T01:21:36+00:00 CRITICAL Maximum execution time of 30 seconds exceeded in C:\xampp\htdocs\1_LANDING\1_Nails\wp-content\plugins\booked\booked.php on line 373

2021-10-23T01:21:36+00:00 CRITICAL Maximum execution time of 30 seconds exceeded in C:\xampp\htdocs\1_LANDING\1_Nails\wp-content\plugins\booked\booked.php on line 373

2021-10-23T01:21:36+00:00 CRITICAL Maximum execution time of 30 seconds exceeded in C:\xampp\htdocs\1_LANDING\1_Nails\wp-content\plugins\booked\booked.php on line 373

2021-10-23T01:22:31+00:00 CRITICAL Maximum execution time of 30 seconds exceeded in C:\xampp\htdocs\1_LANDING\1_Nails\wp-content\plugins\booked\booked.php on line 373

2021-10-23T01:22:31+00:00 CRITICAL Maximum execution time of 30 seconds exceeded in C:\xampp\htdocs\1_LANDING\1_Nails\wp-content\plugins\booked\booked.php on line 373

2021-10-23T01:22:31+00:00 CRITICAL Maximum execution time of 30 seconds exceeded in C:\xampp\htdocs\1_LANDING\1_Nails\wp-content\plugins\booked\booked.php on line 373

2021-10-23T01:22:31+00:00 CRITICAL Maximum execution time of 30 seconds exceeded in C:\xampp\htdocs\1_LANDING\1_Nails\wp-content\plugins\booked\booked.php on line 373

2021-10-23T01:22:31+00:00 CRITICAL Maximum execution time of 30 seconds exceeded in C:\xampp\htdocs\1_LANDING\1_Nails\wp-content\plugins\booked\booked.php on line 373

2021-10-23T02:07:42+00:00 CRITICAL Maximum execution time of 30 seconds exceeded in C:\xampp\htdocs\1_LANDING\1_Nails\wp-content\plugins\booked\booked.php on line 373

2021-10-23T02:07:42+00:00 CRITICAL Maximum execution time of 30 seconds exceeded in C:\xampp\htdocs\1_LANDING\1_Nails\wp-content\plugins\booked\booked.php on line 373

2021-10-23T02:07:42+00:00 CRITICAL Maximum execution time of 30 seconds exceeded in C:\xampp\htdocs\1_LANDING\1_Nails\wp-content\plugins\booked\booked.php on line 373

2021-10-23T02:07:42+00:00 CRITICAL Maximum execution time of 30 seconds exceeded in C:\xampp\htdocs\1_LANDING\1_Nails\wp-content\plugins\booked\booked.php on line 373

2021-10-23T02:07:42+00:00 CRITICAL Maximum execution time of 30 seconds exceeded in C:\xampp\htdocs\1_LANDING\1_Nails\wp-content\plugins\booked\booked.php on line 373

2021-10-23T02:08:15+00:00 CRITICAL Maximum execution time of 30 seconds exceeded in C:\xampp\htdocs\1_LANDING\1_Nails\wp-content\plugins\booked\booked.php on line 373

2021-10-23T02:08:15+00:00 CRITICAL Maximum execution time of 30 seconds exceeded in C:\xampp\htdocs\1_LANDING\1_Nails\wp-content\plugins\booked\booked.php on line 373

2021-10-23T02:08:15+00:00 CRITICAL Maximum execution time of 30 seconds exceeded in C:\xampp\htdocs\1_LANDING\1_Nails\wp-content\plugins\booked\booked.php on line 373

2021-10-23T02:08:15+00:00 CRITICAL Maximum execution time of 30 seconds exceeded in C:\xampp\htdocs\1_LANDING\1_Nails\wp-content\plugins\booked\booked.php on line 373

2021-10-23T02:08:58+00:00 CRITICAL Maximum execution time of 30 seconds exceeded in C:\xampp\htdocs\1_LANDING\1_Nails\wp-content\plugins\booked\booked.php on line 373

2021-10-23T02:08:58+00:00 CRITICAL Maximum execution time of 30 seconds exceeded in C:\xampp\htdocs\1_LANDING\1_Nails\wp-content\plugins\booked\booked.php on line 373

2021-10-23T02:08:58+00:00 CRITICAL Maximum execution time of 30 seconds exceeded in C:\xampp\htdocs\1_LANDING\1_Nails\wp-content\plugins\booked\booked.php on line 373

2021-10-23T02:08:58+00:00 CRITICAL Maximum execution time of 30 seconds exceeded in C:\xampp\htdocs\1_LANDING\1_Nails\wp-content\plugins\booked\booked.php on line 373

2021-10-23T03:03:35+00:00 CRITICAL Maximum execution time of 30 seconds exceeded in C:\xampp\htdocs\1_LANDING\1_Nails\wp-content\plugins\booked\booked.php on line 373

2021-10-23T03:03:35+00:00 CRITICAL Maximum execution time of 30 seconds exceeded in C:\xampp\htdocs\1_LANDING\1_Nails\wp-content\plugins\booked\booked.php on line 373

2021-10-23T03:03:35+00:00 CRITICAL Maximum execution time of 30 seconds exceeded in C:\xampp\htdocs\1_LANDING\1_Nails\wp-content\plugins\booked\booked.php on line 373

2021-10-23T03:03:35+00:00 CRITICAL Maximum execution time of 30 seconds exceeded in C:\xampp\htdocs\1_LANDING\1_Nails\wp-content\plugins\booked\booked.php on line 373

2021-10-23T03:03:35+00:00 CRITICAL Maximum execution time of 30 seconds exceeded in C:\xampp\htdocs\1_LANDING\1_Nails\wp-content\plugins\booked\booked.php on line 373

2021-10-23T03:04:32+00:00 CRITICAL Maximum execution time of 30 seconds exceeded in C:\xampp\htdocs\1_LANDING\1_Nails\wp-content\plugins\booked\booked.php on line 373

2021-10-23T03:04:32+00:00 CRITICAL Maximum execution time of 30 seconds exceeded in C:\xampp\htdocs\1_LANDING\1_Nails\wp-content\plugins\booked\booked.php on line 373

2021-10-23T03:04:32+00:00 CRITICAL Maximum execution time of 30 seconds exceeded in C:\xampp\htdocs\1_LANDING\1_Nails\wp-content\plugins\booked\booked.php on line 373

2021-10-23T03:04:32+00:00 CRITICAL Maximum execution time of 30 seconds exceeded in C:\xampp\htdocs\1_LANDING\1_Nails\wp-content\plugins\booked\booked.php on line 373

2021-10-23T03:04:32+00:00 CRITICAL Maximum execution time of 30 seconds exceeded in C:\xampp\htdocs\1_LANDING\1_Nails\wp-content\plugins\qode-framework\inc\common\core\class-qodeframeworksection.php on line 88

2021-10-23T03:05:08+00:00 CRITICAL Maximum execution time of 30 seconds exceeded in C:\xampp\htdocs\1_LANDING\1_Nails\wp-content\plugins\booked\booked.php on line 373

2021-10-23T03:05:08+00:00 CRITICAL Maximum execution time of 30 seconds exceeded in C:\xampp\htdocs\1_LANDING\1_Nails\wp-content\plugins\booked\booked.php on line 373

2021-10-23T03:05:08+00:00 CRITICAL Maximum execution time of 30 seconds exceeded in C:\xampp\htdocs\1_LANDING\1_Nails\wp-content\plugins\booked\booked.php on line 373

2021-10-23T03:05:09+00:00 CRITICAL Maximum execution time of 30 seconds exceeded in C:\xampp\htdocs\1_LANDING\1_Nails\wp-includes\Requests\Transport\cURL.php on line 165

2021-10-23T03:15:18+00:00 CRITICAL Maximum execution time of 30 seconds exceeded in C:\xampp\htdocs\1_LANDING\1_Nails\wp-content\plugins\reina-core\inc\core-dashboard\sub-pages\import\import.php on line 432

2021-10-23T03:15:19+00:00 CRITICAL Maximum execution time of 30 seconds exceeded in C:\xampp\htdocs\1_LANDING\1_Nails\wp-includes\Requests\Transport\cURL.php on line 165

2021-10-23T03:15:48+00:00 CRITICAL Maximum execution time of 30 seconds exceeded in C:\xampp\htdocs\1_LANDING\1_Nails\wp-includes\Requests\Transport\cURL.php on line 462

2021-10-23T03:43:11+00:00 CRITICAL Maximum execution time of 30 seconds exceeded in C:\xampp\htdocs\1_LANDING\1_Nails\wp-content\plugins\reina-core\inc\core-dashboard\sub-pages\import\import.php on line 427

2021-10-23T03:43:11+00:00 CRITICAL Maximum execution time of 30 seconds exceeded in C:\xampp\htdocs\1_LANDING\1_Nails\wp-content\plugins\booked\booked.php on line 373

2021-10-23T03:43:11+00:00 CRITICAL Maximum execution time of 30 seconds exceeded in C:\xampp\htdocs\1_LANDING\1_Nails\wp-content\plugins\booked\booked.php on line 373

2021-10-23T03:43:11+00:00 CRITICAL Maximum execution time of 30 seconds exceeded in C:\xampp\htdocs\1_LANDING\1_Nails\wp-content\plugins\booked\booked.php on line 373

2021-10-23T03:43:11+00:00 CRITICAL Maximum execution time of 30 seconds exceeded in C:\xampp\htdocs\1_LANDING\1_Nails\wp-content\plugins\booked\booked.php on line 373

2021-10-23T03:58:37+00:00 CRITICAL Maximum execution time of 30 seconds exceeded in C:\xampp\htdocs\1_LANDING\1_Nails\wp-content\plugins\reina-core\inc\core-dashboard\sub-pages\import\import.php on line 427

2021-10-23T03:58:37+00:00 CRITICAL Maximum execution time of 30 seconds exceeded in C:\xampp\htdocs\1_LANDING\1_Nails\wp-content\plugins\booked\booked.php on line 373

2021-10-23T04:20:35+00:00 CRITICAL Maximum execution time of 30 seconds exceeded in C:\xampp\htdocs\1_LANDING\1_Nails\wp-content\plugins\booked\booked.php on line 373

2021-10-23T04:20:35+00:00 CRITICAL Maximum execution time of 30 seconds exceeded in C:\xampp\htdocs\1_LANDING\1_Nails\wp-content\plugins\booked\booked.php on line 373

2021-10-23T04:20:35+00:00 CRITICAL Maximum execution time of 30 seconds exceeded in C:\xampp\htdocs\1_LANDING\1_Nails\wp-content\plugins\booked\booked.php on line 373

2021-10-23T04:20:35+00:00 CRITICAL Maximum execution time of 30 seconds exceeded in C:\xampp\htdocs\1_LANDING\1_Nails\wp-content\plugins\booked\booked.php on line 373

2021-10-23T04:20:35+00:00 CRITICAL Maximum execution time of 30 seconds exceeded in C:\xampp\htdocs\1_LANDING\1_Nails\wp-content\plugins\booked\booked.php on line 373

2021-10-23T04:21:37+00:00 CRITICAL Maximum execution time of 30 seconds exceeded in C:\xampp\htdocs\1_LANDING\1_Nails\wp-content\plugins\booked\booked.php on line 373

2021-10-23T04:21:37+00:00 CRITICAL Maximum execution time of 30 seconds exceeded in C:\xampp\htdocs\1_LANDING\1_Nails\wp-content\plugins\booked\booked.php on line 373

2021-10-23T04:21:37+00:00 CRITICAL Maximum execution time of 30 seconds exceeded in C:\xampp\htdocs\1_LANDING\1_Nails\wp-content\plugins\booked\booked.php on line 373

2021-10-23T04:21:37+00:00 CRITICAL Maximum execution time of 30 seconds exceeded in C:\xampp\htdocs\1_LANDING\1_Nails\wp-content\plugins\booked\booked.php on line 373

2021-10-23T04:21:37+00:00 CRITICAL Maximum execution time of 30 seconds exceeded in C:\xampp\htdocs\1_LANDING\1_Nails\wp-content\plugins\booked\booked.php on line 373

2021-10-23T05:40:31+00:00 CRITICAL Maximum execution time of 30 seconds exceeded in C:\xampp\htdocs\1_LANDING\1_Nails\wp-content\plugins\booked\booked.php on line 373

2021-10-23T05:40:31+00:00 CRITICAL Maximum execution time of 30 seconds exceeded in C:\xampp\htdocs\1_LANDING\1_Nails\wp-content\plugins\booked\booked.php on line 373

2021-10-23T05:40:31+00:00 CRITICAL Maximum execution time of 30 seconds exceeded in C:\xampp\htdocs\1_LANDING\1_Nails\wp-content\plugins\booked\booked.php on line 373

2021-10-23T05:40:31+00:00 CRITICAL Maximum execution time of 30 seconds exceeded in C:\xampp\htdocs\1_LANDING\1_Nails\wp-content\plugins\booked\booked.php on line 373

2021-10-23T05:40:31+00:00 CRITICAL Maximum execution time of 30 seconds exceeded in C:\xampp\htdocs\1_LANDING\1_Nails\wp-content\plugins\booked\booked.php on line 373

2021-10-23T05:41:34+00:00 CRITICAL Maximum execution time of 30 seconds exceeded in C:\xampp\htdocs\1_LANDING\1_Nails\wp-content\plugins\booked\booked.php on line 373

2021-10-23T05:41:34+00:00 CRITICAL Maximum execution time of 30 seconds exceeded in C:\xampp\htdocs\1_LANDING\1_Nails\wp-content\plugins\booked\booked.php on line 373

2021-10-23T05:41:34+00:00 CRITICAL Maximum execution time of 30 seconds exceeded in C:\xampp\htdocs\1_LANDING\1_Nails\wp-content\plugins\booked\booked.php on line 373

2021-10-23T05:41:34+00:00 CRITICAL Maximum execution time of 30 seconds exceeded in C:\xampp\htdocs\1_LANDING\1_Nails\wp-content\plugins\booked\booked.php on line 373

2021-10-23T06:09:37+00:00 CRITICAL Maximum execution time of 30 seconds exceeded in C:\xampp\htdocs\1_LANDING\1_Nails\wp-content\plugins\qode-framework\inc\common\fields\class-qodeframeworkfieldtextareahtml.php on line 3

2021-10-23T06:09:42+00:00 CRITICAL Maximum execution time of 30 seconds exceeded in C:\xampp\htdocs\1_LANDING\1_Nails\wp-content\plugins\elementor\includes\settings\settings-page.php on line 4

